<?xml version="1.0" encoding="UTF-8"?>
<testsuite xmlns:xsi="http://www.w3.org/2001/XMLSchema-instance" xsi:noNamespaceSchemaLocation="https://maven.apache.org/surefire/maven-surefire-plugin/xsd/surefire-test-report-3.0.xsd" version="3.0" name="com.tus.flight.FlightservicesApplicationTests" time="8.995" tests="1" errors="0" skipped="0" failures="0">
  <properties>
[...]
</properties>
  <testcase name="contextLoads" classname="com.tus.flight.FlightservicesApplicationTests" time="0.998">
    <system-out><![CDATA[20:41:43.752 [main] INFO org.springframework.test.context.support.AnnotationConfigContextLoaderUtils -- Could not detect default configuration classes for test class [com.tus.flight.FlightservicesApplicationTests]: FlightservicesApplicationTests does not declare any static, non-private, non-final, nested classes annotated with @Configuration.
20:41:43.889 [main] INFO org.springframework.boot.test.context.SpringBootTestContextBootstrapper -- Found @SpringBootConfiguration com.tus.flight.FlightservicesApplication for test class com.tus.flight.FlightservicesApplicationTests

  .   ____          _            __ _ _
 /\\ / ___'_ __ _ _(_)_ __  __ _ \ \ \ \
( ( )\___ | '_ | '_| | '_ \/ _` | \ \ \ \
 \\/  ___)| |_)| | | | | || (_| |  ) ) ) )
  '  |____| .__|_| |_|_| |_\__, | / / / /
 =========|_|==============|___/=/_/_/_/
 :: Spring Boot ::                (v3.1.4)

2024-11-24T20:41:44.543Z  INFO 8672 --- [           main] c.t.f.FlightservicesApplicationTests     : Starting FlightservicesApplicationTests using Java 21.0.4 with PID 8672 (started by Sagar in C:\Users\Sagar\Downloads\flightservices\flightservices)
2024-11-24T20:41:44.545Z  INFO 8672 --- [           main] c.t.f.FlightservicesApplicationTests     : No active profile set, falling back to 1 default profile: "default"
2024-11-24T20:41:46.012Z  INFO 8672 --- [           main] .s.d.r.c.RepositoryConfigurationDelegate : Bootstrapping Spring Data JPA repositories in DEFAULT mode.
2024-11-24T20:41:46.099Z  INFO 8672 --- [           main] .s.d.r.c.RepositoryConfigurationDelegate : Finished Spring Data repository scanning in 70 ms. Found 1 JPA repository interfaces.
2024-11-24T20:41:46.788Z  INFO 8672 --- [           main] com.zaxxer.hikari.HikariDataSource       : HikariPool-1 - Starting...
2024-11-24T20:41:47.667Z  INFO 8672 --- [           main] com.zaxxer.hikari.pool.HikariPool        : HikariPool-1 - Added connection com.mysql.cj.jdbc.ConnectionImpl@237b2852
2024-11-24T20:41:47.670Z  INFO 8672 --- [           main] com.zaxxer.hikari.HikariDataSource       : HikariPool-1 - Start completed.
2024-11-24T20:41:47.741Z  INFO 8672 --- [           main] o.hibernate.jpa.internal.util.LogHelper  : HHH000204: Processing PersistenceUnitInfo [name: default]
2024-11-24T20:41:47.919Z  INFO 8672 --- [           main] org.hibernate.Version                    : HHH000412: Hibernate ORM core version 6.2.9.Final
2024-11-24T20:41:47.924Z  INFO 8672 --- [           main] org.hibernate.cfg.Environment            : HHH000406: Using bytecode reflection optimizer
2024-11-24T20:41:48.219Z  INFO 8672 --- [           main] o.h.b.i.BytecodeProviderInitiator        : HHH000021: Bytecode provider name : bytebuddy
2024-11-24T20:41:48.500Z  INFO 8672 --- [           main] o.s.o.j.p.SpringPersistenceUnitInfo      : No LoadTimeWeaver setup: ignoring JPA class transformer
2024-11-24T20:41:48.957Z  INFO 8672 --- [           main] o.h.b.i.BytecodeProviderInitiator        : HHH000021: Bytecode provider name : bytebuddy
2024-11-24T20:41:49.806Z  INFO 8672 --- [           main] o.h.e.t.j.p.i.JtaPlatformInitiator       : HHH000490: Using JtaPlatform implementation: [org.hibernate.engine.transaction.jta.platform.internal.NoJtaPlatform]
2024-11-24T20:41:49.809Z  INFO 8672 --- [           main] j.LocalContainerEntityManagerFactoryBean : Initialized JPA EntityManagerFactory for persistence unit 'default'
2024-11-24T20:41:50.398Z  WARN 8672 --- [           main] JpaBaseConfiguration$JpaWebConfiguration : spring.jpa.open-in-view is enabled by default. Therefore, database queries may be performed during view rendering. Explicitly configure spring.jpa.open-in-view to disable this warning
2024-11-24T20:41:51.216Z  INFO 8672 --- [           main] o.s.b.a.e.web.EndpointLinksResolver      : Exposing 1 endpoint(s) beneath base path '/actuator'
2024-11-24T20:41:51.309Z  INFO 8672 --- [           main] c.t.f.FlightservicesApplicationTests     : Started FlightservicesApplicationTests in 7.2 seconds (process running for 8.828)
]]></system-out>
    <system-err><![CDATA[WARNING: A Java agent has been loaded dynamically (C:\Users\Sagar\.m2\repository\net\bytebuddy\byte-buddy-agent\1.14.8\byte-buddy-agent-1.14.8.jar)
WARNING: If a serviceability tool is in use, please run with -XX:+EnableDynamicAgentLoading to hide this warning
WARNING: If a serviceability tool is not in use, please run with -Djdk.instrument.traceUsage for more information
WARNING: Dynamic loading of agents will be disallowed by default in a future release
]]></system-err>
  </testcase>
</testsuite>